Build started 31.03.2017 16:17:56.
     1>Project "C:\Users\tetarenko\Documents\Visual Studio 2010\Projects\proto\proto\proto.vcxproj" on node 2 (build target(s)).
     1>InitializeBuildStatus:
         Creating "x64\Debug\proto.unsuccessfulbuild" because "AlwaysCreate" was specified.
       ClCompile:
         C:\Program Files (x86)\Microsoft Visual Studio 10.0\VC\bin\x86_amd64\CL.exe /c /IC:\opencv2410\build\include /Zi /nologo /W3 /WX- /Od /D WIN32 /D _DEBUG /D _CONSOLE /D _UNICODE /D UNICODE /Gm /EHsc /RTC1 /MDd /GS /fp:precise /Zc:wchar_t /Zc:forScope /Fo"x64\Debug\\" /Fd"x64\Debug\vc100.pdb" /Gd /TP /errorReport:prompt Detectd.cpp
         Detectd.cpp
       ManifestResourceCompile:
         All outputs are up-to-date.
       Link:
         C:\Program Files (x86)\Microsoft Visual Studio 10.0\VC\bin\x86_amd64\link.exe /ERRORREPORT:PROMPT /OUT:"C:\Users\tetarenko\Documents\Visual Studio 2010\Projects\proto\x64\Debug\proto.exe" /INCREMENTAL /NOLOGO /LIBPATH:C:\opencv2410\build\x64\vc10\lib opencv_core2410d.lib opencv_imgproc2410d.lib opencv_highgui2410d.lib opencv_ml2410d.lib opencv_video2410d.lib opencv_features2d2410d.lib opencv_calib3d2410d.lib opencv_objdetect2410d.lib opencv_contrib2410d.lib opencv_legacy2410d.lib opencv_flann2410d.lib kernel32.lib user32.lib gdi32.lib winspool.lib comdlg32.lib advapi32.lib shell32.lib ole32.lib oleaut32.lib uuid.lib odbc32.lib odbccp32.lib /MANIFEST /ManifestFile:"x64\Debug\proto.exe.intermediate.manifest" /MANIFESTUAC:"level='asInvoker' uiAccess='false'" /DEBUG /PDB:"C:\Users\tetarenko\Documents\Visual Studio 2010\Projects\proto\x64\Debug\proto.pdb" /SUBSYSTEM:CONSOLE /TLBID:1 /DYNAMICBASE /NXCOMPAT /IMPLIB:"C:\Users\tetarenko\Documents\Visual Studio 2010\Projects\proto\x64\Debug\proto.lib" /MACHINE:X64 x64\Debug\proto.exe.embed.manifest.res
         x64\Debug\Detectd.obj
         x64\Debug\Main.obj
         proto.vcxproj -> C:\Users\tetarenko\Documents\Visual Studio 2010\Projects\proto\x64\Debug\proto.exe
       Manifest:
         C:\Program Files (x86)\Microsoft SDKs\Windows\v7.0A\bin\mt.exe /nologo /verbose /out:"x64\Debug\proto.exe.embed.manifest" /manifest x64\Debug\proto.exe.intermediate.manifest
         All outputs are up-to-date.
       LinkEmbedManifest:
         All outputs are up-to-date.
         proto.vcxproj -> C:\Users\tetarenko\Documents\Visual Studio 2010\Projects\proto\x64\Debug\proto.exe
       FinalizeBuildStatus:
         Deleting file "x64\Debug\proto.unsuccessfulbuild".
         Touching "x64\Debug\proto.lastbuildstate".
     1>Done Building Project "C:\Users\tetarenko\Documents\Visual Studio 2010\Projects\proto\proto\proto.vcxproj" (build target(s)).

Build succeeded.

Time Elapsed 00:00:03.02
